<?xml version="1.0" encoding="UTF-8"?>
<!-- Generated by org.testng.reporters.JUnitReportReporter -->
<testsuite hostname="ATPL-LAP-90" failures="0" tests="3" name="Runner.ScenarioOutline" time="0.256" errors="0" timestamp="2025-01-08T16:42:12 IST" skipped="0">
  <testcase classname="Runner.ScenarioOutline" name="runScenario" time="0.029"/>
  <testcase classname="Runner.ScenarioOutline" name="runScenario" time="0.041"/>
  <testcase classname="Runner.ScenarioOutline" name="runScenario" time="0.186"/>
</testsuite> <!-- Runner.ScenarioOutline -->
