<?xml version="1.0" encoding="UTF-8"?>
<!-- Generated by org.testng.reporters.JUnitReportReporter -->
<testsuite hostname="ATPL-LAP-90" failures="0" tests="1" name="Runner.DatatableRunner" time="4.078" errors="1" timestamp="2025-01-08T17:05:16 IST" skipped="0">
  <testcase classname="Runner.DatatableRunner" name="runScenario" time="4.078">
    <error message="Cannot invoke &quot;org.openqa.selenium.WebDriver.quit()&quot; because &quot;this.driver&quot; is null" type="java.lang.NullPointerException">
      <![CDATA[java.lang.NullPointerException: Cannot invoke "org.openqa.selenium.WebDriver.quit()" because "this.driver" is null
at hooks.appHooks.closeBrowser(appHooks.java:38)
]]>
    </error>
  </testcase> <!-- runScenario -->
</testsuite> <!-- Runner.DatatableRunner -->
