<?xml version="1.0" encoding="UTF-8"?>
<!-- Generated by org.testng.reporters.JUnitReportReporter -->
<testsuite hostname="ATPL-LAP-90" failures="0" tests="3" name="Runner.BackgroundRunner" time="0.191" errors="0" timestamp="2025-01-08T17:42:08 IST" skipped="0">
  <testcase classname="Runner.BackgroundRunner" name="runScenario" time="0.125"/>
  <testcase classname="Runner.BackgroundRunner" name="runScenario" time="0.038"/>
  <testcase classname="Runner.BackgroundRunner" name="runScenario" time="0.028"/>
</testsuite> <!-- Runner.BackgroundRunner -->
