<?xml version="1.0" encoding="UTF-8"?>
<!-- Generated by org.testng.reporters.JUnitReportReporter -->
<testsuite hostname="ATPL-LAP-90" failures="0" tests="2" name="Runner.LoginRunner" time="0.226" errors="0" timestamp="2025-01-08T16:41:37 IST" skipped="0">
  <testcase classname="Runner.LoginRunner" name="runScenario" time="0.028"/>
  <testcase classname="Runner.LoginRunner" name="runScenario" time="0.198"/>
</testsuite> <!-- Runner.LoginRunner -->
