<?xml version="1.0" encoding="UTF-8"?>
<!-- Generated by org.testng.reporters.JUnitReportReporter -->
<testsuite hostname="ATPL-LAP-90" failures="0" tests="2" name="Runner.TagsCampaign" time="0.239" errors="0" timestamp="2025-01-08T16:46:36 IST" skipped="0">
  <testcase classname="Runner.TagsCampaign" name="runScenario" time="0.035"/>
  <testcase classname="Runner.TagsCampaign" name="runScenario" time="0.204"/>
</testsuite> <!-- Runner.TagsCampaign -->
