<?xml version="1.0" encoding="UTF-8"?>
<!-- Generated by org.testng.reporters.JUnitReportReporter -->
<testsuite hostname="ATPL-LAP-90" failures="0" tests="1" name="Runner.DemoqaRunner" time="43.788" errors="0" timestamp="2025-01-09T17:29:51 IST" skipped="0">
  <testcase classname="Runner.DemoqaRunner" name="runScenario" time="43.788"/>
</testsuite> <!-- Runner.DemoqaRunner -->
