<?xml version="1.0" encoding="UTF-8"?>
<!-- Generated by org.testng.reporters.JUnitReportReporter -->
<testsuite hostname="ATPL-LAP-90" failures="0" tests="1" name="Runner.LoginWithDataRunner" time="0.278" errors="0" timestamp="2025-01-08T16:41:59 IST" skipped="0">
  <testcase classname="Runner.LoginWithDataRunner" name="runScenario" time="0.278"/>
</testsuite> <!-- Runner.LoginWithDataRunner -->
